Android/WidgetDemo/app/build/outputs/logs/manifest-merger-debug-report.txt
-- Merging decision tree log ---
manifest
ADDED from src/main/AndroidManifest.xml:1:1-40:12
INJECTED from src/main/AndroidManifest.xml:1:1-40:12
INJECTED from src/main/AndroidManifest.xml:1:1-40:12
INJECTED from src/main/AndroidManifest.xml:1:1-40:12
INJECTED from src/main/AndroidManifest.xml:1:1-40:12
INJECTED from src/main/AndroidManifest.xml:1:1-40:12
INJECTED from src/main/AndroidManifest.xml:1:1-40:12
	package
		ADDED from src/main/AndroidManifest.xml:2:5-40
		INJECTED from src/main/AndroidManifest.xml
		INJECTED from src/main/AndroidManifest.xml
	android:versionName
		ADDED from src/main/AndroidManifest.xml:4:5-30
		INJECTED from src/main/AndroidManifest.xml
		INJECTED from src/main/AndroidManifest.xml
	xmlns:android
		ADDED from src/main/AndroidManifest.xml:1:11-69
	android:versionCode
		ADDED from src/main/AndroidManifest.xml:3:5-28
		INJECTED from src/main/AndroidManifest.xml
		INJECTED from src/main/AndroidManifest.xml
uses-sdk
ADDED from src/main/AndroidManifest.xml:6:5-8:40
INJECTED from src/main/AndroidManifest.xml:6:5-8:40
INJECTED from src/main/AndroidManifest.xml:6:5-8:40
INJECTED from src/main/AndroidManifest.xml:6:5-8:40
INJECTED from src/main/AndroidManifest.xml:6:5-8:40
	android:targetSdkVersion
		ADDED from src/main/AndroidManifest.xml:8:9-37
		INJECTED from src/main/AndroidManifest.xml
		INJECTED from src/main/AndroidManifest.xml
	android:minSdkVersion
		ADDED from src/main/AndroidManifest.xml:7:9-34
		INJECTED from src/main/AndroidManifest.xml
		INJECTED from src/main/AndroidManifest.xml
application
ADDED from src/main/AndroidManifest.xml:10:5-38:19
	android:label
		ADDED from src/main/AndroidManifest.xml:13:9-41
	android:icon
		ADDED from src/main/AndroidManifest.xml:12:9-45
	android:allowBackup
		ADDED from src/main/AndroidManifest.xml:11:9-35
	android:theme
		ADDED from src/main/AndroidManifest.xml:14:9-40
receiver#com.javatechig.widgetdemo.MyWidgetProvider
ADDED from src/main/AndroidManifest.xml:16:9-24:20
	android:name
		ADDED from src/main/AndroidManifest.xml:16:19-51
intent-filter#action:name:android.appwidget.action.APPWIDGET_UPDATE
ADDED from src/main/AndroidManifest.xml:17:13-19:29
action#android.appwidget.action.APPWIDGET_UPDATE
ADDED from src/main/AndroidManifest.xml:18:17-84
	android:name
		ADDED from src/main/AndroidManifest.xml:18:25-81
meta-data#android.appwidget.provider
ADDED from src/main/AndroidManifest.xml:21:13-23:64
	android:resource
		ADDED from src/main/AndroidManifest.xml:23:17-61
	android:name
		ADDED from src/main/AndroidManifest.xml:22:17-58
receiver#com.javatechig.widgetdemo.MyWidgetIntentReceiver
ADDED from src/main/AndroidManifest.xml:26:9-36:20
	android:label
		ADDED from src/main/AndroidManifest.xml:28:13-45
	android:name
		ADDED from src/main/AndroidManifest.xml:27:13-51
intent-filter#action:name:com.javatechig.intent.action.UPDATE_WIDGET
ADDED from src/main/AndroidManifest.xml:29:13-31:29
action#com.javatechig.intent.action.UPDATE_WIDGET
ADDED from src/main/AndroidManifest.xml:30:17-85
	android:name
		ADDED from src/main/AndroidManifest.xml:30:25-82